Using pre-set license
Built from '2020.3/china_unity/release' branch; Version is '2020.3.31f1c1 (f95fbe3d210a) revision 16342974'; Using compiler version '192528614'; Build Type 'Release'
OS: 'Windows 10  (10.0.19043) 64bit Professional' Language: 'zh' Physical Memory: 65440 MB
BatchMode: 1, IsHumanControllingUs: 0, StartBugReporterOnCrash: 0, Is64bit: 1, IsPro: 0

COMMAND LINE ARGUMENTS:
E:\Apps\Unity Editor\2020.3.31f1c1\Editor\Unity.exe
-adb2
-batchMode
-noUpm
-name
AssetImportWorker0
-projectPath
E:/Working Projects/YuHunShi
-logFile
Logs/AssetImportWorker0.log
-srvPort
59887
Successfully changed project path to: E:/Working Projects/YuHunShi
E:/Working Projects/YuHunShi
Using Asset Import Pipeline V2.
AS: AutoStreaming module initializing.Refreshing native plugins compatible for Editor in 31.41 ms, found 3 plugins.
Preloading 0 native plugins for Editor in 0.00 ms.
Initialize engine version: 2020.3.31f1c1 (f95fbe3d210a)
[Subsystems] Discovering subsystems at path E:/Apps/Unity Editor/2020.3.31f1c1/Editor/Data/Resources/UnitySubsystems
[Subsystems] Discovering subsystems at path E:/Working Projects/YuHunShi/Assets
GfxDevice: creating device client; threaded=0
Direct3D:
    Version:  Direct3D 11.0 [level 11.1]
    Renderer: NVIDIA GeForce RTX 3070 (ID=0x2488)
    Vendor:   
    VRAM:     8043 MB
    Driver:   30.0.15.1179
Initialize mono
Mono path[0] = 'E:/Apps/Unity Editor/2020.3.31f1c1/Editor/Data/Managed'
Mono path[1] = 'E:/Apps/Unity Editor/2020.3.31f1c1/Editor/Data/MonoBleedingEdge/lib/mono/unityjit'
Mono config path = 'E:/Apps/Unity Editor/2020.3.31f1c1/Editor/Data/MonoBleedingEdge/etc'
Using monoOptions --debugger-agent=transport=dt_socket,embedding=1,server=y,suspend=n,address=127.0.0.1:56220
Begin MonoManager ReloadAssembly
Registering precompiled unity dll's ...
Register platform support module: E:/Apps/Unity Editor/2020.3.31f1c1/Editor/Data/PlaybackEngines/MacStandaloneSupport/UnityEditor.OSXStandalone.Extensions.dll
Register platform support module: E:/Apps/Unity Editor/2020.3.31f1c1/Editor/Data/PlaybackEngines/WindowsStandaloneSupport/UnityEditor.WindowsStandalone.Extensions.dll
Registered in 0.000928 seconds.
Native extension for WindowsStandalone target not found
Native extension for OSXStandalone target not found
Refreshing native plugins compatible for Editor in 31.04 ms, found 3 plugins.
Preloading 0 native plugins for Editor in 0.00 ms.
Mono: successfully reloaded assembly
- Completed reload, in  0.366 seconds
Domain Reload Profiling:
	ReloadAssembly (366ms)
		BeginReloadAssembly (40ms)
			ExecutionOrderSort (0ms)
			DisableScriptedObjects (0ms)
			BackupInstance (0ms)
			ReleaseScriptingObjects (0ms)
			CreateAndSetChildDomain (1ms)
		EndReloadAssembly (281ms)
			LoadAssemblies (39ms)
			RebuildTransferFunctionScriptingTraits (0ms)
			SetupTypeCache (85ms)
			ReleaseScriptCaches (0ms)
			RebuildScriptCaches (19ms)
			SetupLoadedEditorAssemblies (113ms)
				LogAssemblyErrors (0ms)
				InitializePlatformSupportModulesInManaged (3ms)
				SetLoadedEditorAssemblies (0ms)
				RefreshPlugins (31ms)
				BeforeProcessingInitializeOnLoad (5ms)
				ProcessInitializeOnLoadAttributes (54ms)
				ProcessInitializeOnLoadMethodAttributes (19ms)
				AfterProcessingInitializeOnLoad (0ms)
				EditorAssembliesLoaded (0ms)
			ExecutionOrderSort2 (0ms)
			AwakeInstancesAfterBackupRestoration (0ms)
Platform modules already initialized, skipping
Registering precompiled user dll's ...
Registered in 0.001486 seconds.
Begin MonoManager ReloadAssembly
Native extension for WindowsStandalone target not found
Native extension for OSXStandalone target not found
Refreshing native plugins compatible for Editor in 30.73 ms, found 3 plugins.
Preloading 0 native plugins for Editor in 0.00 ms.
Mono: successfully reloaded assembly
- Completed reload, in  0.662 seconds
Domain Reload Profiling:
	ReloadAssembly (663ms)
		BeginReloadAssembly (93ms)
			ExecutionOrderSort (0ms)
			DisableScriptedObjects (4ms)
			BackupInstance (0ms)
			ReleaseScriptingObjects (0ms)
			CreateAndSetChildDomain (14ms)
		EndReloadAssembly (535ms)
			LoadAssemblies (61ms)
			RebuildTransferFunctionScriptingTraits (0ms)
			SetupTypeCache (169ms)
			ReleaseScriptCaches (0ms)
			RebuildScriptCaches (28ms)
			SetupLoadedEditorAssemblies (212ms)
				LogAssemblyErrors (0ms)
				InitializePlatformSupportModulesInManaged (3ms)
				SetLoadedEditorAssemblies (0ms)
				RefreshPlugins (31ms)
				BeforeProcessingInitializeOnLoad (42ms)
				ProcessInitializeOnLoadAttributes (124ms)
				ProcessInitializeOnLoadMethodAttributes (10ms)
				AfterProcessingInitializeOnLoad (2ms)
				EditorAssembliesLoaded (0ms)
			ExecutionOrderSort2 (0ms)
			AwakeInstancesAfterBackupRestoration (4ms)
Platform modules already initialized, skipping
========================================================================
Worker process is ready to serve import requests
Launched and connected shader compiler UnityShaderCompiler.exe after 0.04 seconds
Refreshing native plugins compatible for Editor in 0.44 ms, found 3 plugins.
Preloading 0 native plugins for Editor in 0.00 ms.
Unloading 2200 Unused Serialized files (Serialized files now loaded: 0)
System memory in use before: 97.1 MB.
System memory in use after: 97.0 MB.

Unloading 31 unused Assets to reduce memory usage. Loaded Objects now: 2632.
Total: 2.816700 ms (FindLiveObjects: 0.161800 ms CreateObjectMapping: 0.058400 ms MarkObjects: 2.473300 ms  DeleteObjects: 0.122300 ms)

AssetImportParameters requested are different than current active one (requested -> active):
  custom:framework-win-MediaFoundation: 216162199b28c13a410421893ffa2e32 -> 
  custom:video-decoder-ogg-theora: a1e56fd34408186e4bbccfd4996cb3dc -> 
  custom:container-muxer-webm: aa71ff27fc2769a1b78a27578f13a17b -> 
  custom:container-demuxer-webm: 4f35f7cbe854078d1ac9338744f61a02 -> 
  custom:container-demuxer-ogg: 62fdf1f143b41e24485cea50d1cbac27 -> 
  custom:video-encoder-webm-vp8: eb34c28f22e8b96e1ab97ce403110664 -> 
  custom:video-decoder-webm-vp8: 9c59270c3fd7afecdb556c50c9e8de78 -> 
  custom:audio-decoder-ogg-vorbis: bf7c407c2cedff20999df2af8eb42d56 -> 
  custom:audio-encoder-webm-vorbis: bf7c407c2cedff20999df2af8eb42d56 -> 
========================================================================
Received Import Request.
  path: Assets
  artifactKey: Guid(00000000000000001000000000000000) Importer(815301076,1909f56bfc062723c751e8b465ee728b)
Start importing Assets using Guid(00000000000000001000000000000000) Importer(815301076,1909f56bfc062723c751e8b465ee728b)  -> (artifact id: '42d402b061de3733987d63b9cc3b64de') in 0.009900 seconds 
========================================================================
Received Import Request.
  Time since last request: 6.022051 seconds.
  path: Assets/Texture
  artifactKey: Guid(939d8ded9d4b61446808612df60861ec) Importer(815301076,1909f56bfc062723c751e8b465ee728b)
Start importing Assets/Texture using Guid(939d8ded9d4b61446808612df60861ec) Importer(815301076,1909f56bfc062723c751e8b465ee728b)  -> (artifact id: '92e4f1d373e3d3c72ad4195326fab49a') in 0.011097 seconds 
========================================================================
Received Import Request.
  Time since last request: 28.877565 seconds.
  path: Assets/Texture/阴阳师御魂图标
  artifactKey: Guid(72649d9f70b9b5d4e800b825372fbf5e) Importer(815301076,1909f56bfc062723c751e8b465ee728b)
Start importing Assets/Texture/阴阳师御魂图标 using Guid(72649d9f70b9b5d4e800b825372fbf5e) Importer(815301076,1909f56bfc062723c751e8b465ee728b)  -> (artifact id: 'a9d69d3cda9f6d58d8f08cb82eb4d555') in 0.012042 seconds 
========================================================================
Received Import Request.
  Time since last request: 0.058849 seconds.
  path: Assets/Texture/阴阳师御魂图标/三味.png
  artifactKey: Guid(13d6d44eae6884f40800b3e31d79bfa0) Importer(815301076,1909f56bfc062723c751e8b465ee728b)
Start importing Assets/Texture/阴阳师御魂图标/三味.png using Guid(13d6d44eae6884f40800b3e31d79bfa0) Importer(815301076,1909f56bfc062723c751e8b465ee728b)  -> (artifact id: '144979feaf0c23835d1deb4a249286a8') in 0.069891 seconds 
========================================================================
Received Import Request.
  Time since last request: 0.000109 seconds.
  path: Assets/Texture/阴阳师御魂图标/地震鲶.png
  artifactKey: Guid(32e7cfd2d8716bb4aa4c57c435c43c5e) Importer(815301076,1909f56bfc062723c751e8b465ee728b)
Start importing Assets/Texture/阴阳师御魂图标/地震鲶.png using Guid(32e7cfd2d8716bb4aa4c57c435c43c5e) Importer(815301076,1909f56bfc062723c751e8b465ee728b)  -> (artifact id: '77439c27d549af4fffd78ae665455786') in 0.009824 seconds 
========================================================================
Received Import Request.
  Time since last request: 0.000117 seconds.
  path: Assets/Texture/阴阳师御魂图标/出世螺.jpg
  artifactKey: Guid(ee231a3203a885e4d8578cb657aa7bbc) Importer(815301076,1909f56bfc062723c751e8b465ee728b)
Start importing Assets/Texture/阴阳师御魂图标/出世螺.jpg using Guid(ee231a3203a885e4d8578cb657aa7bbc) Importer(815301076,1909f56bfc062723c751e8b465ee728b)  -> (artifact id: '3f8c31aa930b53958605b16976869657') in 0.015235 seconds 
========================================================================
Received Import Request.
  Time since last request: 0.000111 seconds.
  path: Assets/Texture/阴阳师御魂图标/木魅.png
  artifactKey: Guid(f64ff60187a851b4b9e94540fb13c7e3) Importer(815301076,1909f56bfc062723c751e8b465ee728b)
Start importing Assets/Texture/阴阳师御魂图标/木魅.png using Guid(f64ff60187a851b4b9e94540fb13c7e3) Importer(815301076,1909f56bfc062723c751e8b465ee728b)  -> (artifact id: '5e1abcdf609c8ac58a68e65a3600319a') in 0.009779 seconds 
========================================================================
Received Import Request.
  Time since last request: 0.000110 seconds.
  path: Assets/Texture/阴阳师御魂图标/土蜘蛛.png
  artifactKey: Guid(053f31ea888a45447b2f80c9c57a232d) Importer(815301076,1909f56bfc062723c751e8b465ee728b)
Start importing Assets/Texture/阴阳师御魂图标/土蜘蛛.png using Guid(053f31ea888a45447b2f80c9c57a232d) Importer(815301076,1909f56bfc062723c751e8b465ee728b)  -> (artifact id: '261263bb6b6cde36e0ef630061b82970') in 0.011335 seconds 
========================================================================
Received Import Request.
  Time since last request: 0.000105 seconds.
  path: Assets/Texture/阴阳师御魂图标/狰.png
  artifactKey: Guid(101c6dc0e21a37e44921909ab4871f2f) Importer(815301076,1909f56bfc062723c751e8b465ee728b)
Start importing Assets/Texture/阴阳师御魂图标/狰.png using Guid(101c6dc0e21a37e44921909ab4871f2f) Importer(815301076,1909f56bfc062723c751e8b465ee728b)  -> (artifact id: '678e37fef2db51a9446b3ab2dd8a463e') in 0.009232 seconds 
========================================================================
Received Import Request.
  Time since last request: 0.000110 seconds.
  path: Assets/Texture/阴阳师御魂图标/网切.png
  artifactKey: Guid(7ac3f5aa727d98d48a9a026e5f9c80bd) Importer(815301076,1909f56bfc062723c751e8b465ee728b)
Start importing Assets/Texture/阴阳师御魂图标/网切.png using Guid(7ac3f5aa727d98d48a9a026e5f9c80bd) Importer(815301076,1909f56bfc062723c751e8b465ee728b)  -> (artifact id: '1cd793373f6c3fd2708b477c42cd8360') in 0.010292 seconds 
========================================================================
Received Import Request.
  Time since last request: 0.000127 seconds.
  path: Assets/Texture/阴阳师御魂图标/兵主部.png
  artifactKey: Guid(f354edddfbd42d04ba28fddc1ac35b16) Importer(815301076,1909f56bfc062723c751e8b465ee728b)
Start importing Assets/Texture/阴阳师御魂图标/兵主部.png using Guid(f354edddfbd42d04ba28fddc1ac35b16) Importer(815301076,1909f56bfc062723c751e8b465ee728b)  -> (artifact id: '7d757d39607daf107e4a5cd655dcd4bb') in 0.020779 seconds 
========================================================================
Received Import Request.
  Time since last request: 0.000152 seconds.
  path: Assets/Texture/阴阳师御魂图标/共潜.jpg
  artifactKey: Guid(550c6f2ca19eb2446a939c778c232164) Importer(815301076,1909f56bfc062723c751e8b465ee728b)
Start importing Assets/Texture/阴阳师御魂图标/共潜.jpg using Guid(550c6f2ca19eb2446a939c778c232164) Importer(815301076,1909f56bfc062723c751e8b465ee728b)  -> (artifact id: '554d8ea6a03476b8112b9598dd708dee') in 0.016367 seconds 
========================================================================
Received Import Request.
  Time since last request: 0.000138 seconds.
  path: Assets/Texture/阴阳师御魂图标/火灵.png
  artifactKey: Guid(44635e83800d6da44b22816e779c06e8) Importer(815301076,1909f56bfc062723c751e8b465ee728b)
Start importing Assets/Texture/阴阳师御魂图标/火灵.png using Guid(44635e83800d6da44b22816e779c06e8) Importer(815301076,1909f56bfc062723c751e8b465ee728b)  -> (artifact id: 'c79730d22019d757ba1b29eded890f25') in 0.012817 seconds 
========================================================================
Received Import Request.
  Time since last request: 0.000121 seconds.
  path: Assets/Texture/阴阳师御魂图标/伤魂鸟.png
  artifactKey: Guid(05b584130a7eb47499e598532c463719) Importer(815301076,1909f56bfc062723c751e8b465ee728b)
Start importing Assets/Texture/阴阳师御魂图标/伤魂鸟.png using Guid(05b584130a7eb47499e598532c463719) Importer(815301076,1909f56bfc062723c751e8b465ee728b)  -> (artifact id: 'a5eb249d38b4b1e23807177c1a6a46f0') in 0.009584 seconds 
========================================================================
Received Import Request.
  Time since last request: 0.000112 seconds.
  path: Assets/Texture/阴阳师御魂图标/反枕.png
  artifactKey: Guid(562b976a8c48730489604370febf6cf3) Importer(815301076,1909f56bfc062723c751e8b465ee728b)
Start importing Assets/Texture/阴阳师御魂图标/反枕.png using Guid(562b976a8c48730489604370febf6cf3) Importer(815301076,1909f56bfc062723c751e8b465ee728b)  -> (artifact id: '85ebc499ca8cac7bdd3dec32bb8776b3') in 0.010215 seconds 
========================================================================
Received Import Request.
  Time since last request: 0.000096 seconds.
  path: Assets/Texture/阴阳师御魂图标/涅槃之火.png
  artifactKey: Guid(93b8465f750ac744b98e19dc5ed1295b) Importer(815301076,1909f56bfc062723c751e8b465ee728b)
Start importing Assets/Texture/阴阳师御魂图标/涅槃之火.png using Guid(93b8465f750ac744b98e19dc5ed1295b) Importer(815301076,1909f56bfc062723c751e8b465ee728b)  -> (artifact id: 'd4ca74c617a49a1f23c9aa57df47f93b') in 0.010003 seconds 
========================================================================
Received Import Request.
  Time since last request: 0.000112 seconds.
  path: Assets/Texture/阴阳师御魂图标/地藏像.png
  artifactKey: Guid(82fe0969aac2e754db7bb835a5608525) Importer(815301076,1909f56bfc062723c751e8b465ee728b)
Start importing Assets/Texture/阴阳师御魂图标/地藏像.png using Guid(82fe0969aac2e754db7bb835a5608525) Importer(815301076,1909f56bfc062723c751e8b465ee728b)  -> (artifact id: 'fa059441cbc6774e4b582b6863e44841') in 0.009783 seconds 
========================================================================
Received Import Request.
  Time since last request: 0.000109 seconds.
  path: Assets/Texture/阴阳师御魂图标/招财猫.png
  artifactKey: Guid(af63ec533eecdb341b6f264add81b733) Importer(815301076,1909f56bfc062723c751e8b465ee728b)
Start importing Assets/Texture/阴阳师御魂图标/招财猫.png using Guid(af63ec533eecdb341b6f264add81b733) Importer(815301076,1909f56bfc062723c751e8b465ee728b)  -> (artifact id: 'fa45aaf1782a0176ff791d3251bc5fae') in 0.009155 seconds 
========================================================================
Received Import Request.
  Time since last request: 0.000098 seconds.
  path: Assets/Texture/阴阳师御魂图标/狂骨.png
  artifactKey: Guid(27740e08c51e88c4eb3941f744e5bc55) Importer(815301076,1909f56bfc062723c751e8b465ee728b)
Start importing Assets/Texture/阴阳师御魂图标/狂骨.png using Guid(27740e08c51e88c4eb3941f744e5bc55) Importer(815301076,1909f56bfc062723c751e8b465ee728b)  -> (artifact id: 'f3a8fefd37da33065a79f5a735533721') in 0.012065 seconds 
========================================================================
Received Import Request.
  Time since last request: 0.000100 seconds.
  path: Assets/Texture/阴阳师御魂图标/幽谷响.png
  artifactKey: Guid(db0a32088eda63b4caf346d783f717d5) Importer(815301076,1909f56bfc062723c751e8b465ee728b)
Start importing Assets/Texture/阴阳师御魂图标/幽谷响.png using Guid(db0a32088eda63b4caf346d783f717d5) Importer(815301076,1909f56bfc062723c751e8b465ee728b)  -> (artifact id: '26dcf383d01020d71862c2ef17a28c38') in 0.010829 seconds 
========================================================================
Received Import Request.
  Time since last request: 0.000100 seconds.
  path: Assets/Texture/阴阳师御魂图标/破势.png
  artifactKey: Guid(599cdad502674244fae9ffcfc51acce2) Importer(815301076,1909f56bfc062723c751e8b465ee728b)
Start importing Assets/Texture/阴阳师御魂图标/破势.png using Guid(599cdad502674244fae9ffcfc51acce2) Importer(815301076,1909f56bfc062723c751e8b465ee728b)  -> (artifact id: '60696e27b8ae28ceb59d15330f11e8f6') in 0.009541 seconds 
========================================================================
Received Import Request.
  Time since last request: 0.000109 seconds.
  path: Assets/Texture/阴阳师御魂图标/树妖.png
  artifactKey: Guid(713f11689be0a0a4e9ee7eab202eff1d) Importer(815301076,1909f56bfc062723c751e8b465ee728b)
Start importing Assets/Texture/阴阳师御魂图标/树妖.png using Guid(713f11689be0a0a4e9ee7eab202eff1d) Importer(815301076,1909f56bfc062723c751e8b465ee728b)  -> (artifact id: '90a56326a3894aef29426fe3698775e6') in 0.010264 seconds 
========================================================================
Received Import Request.
  Time since last request: 0.000103 seconds.
  path: Assets/Texture/阴阳师御魂图标/日女巳时.png
  artifactKey: Guid(d73bf025225433044b4e438fd3cd8cef) Importer(815301076,1909f56bfc062723c751e8b465ee728b)
Start importing Assets/Texture/阴阳师御魂图标/日女巳时.png using Guid(d73bf025225433044b4e438fd3cd8cef) Importer(815301076,1909f56bfc062723c751e8b465ee728b)  -> (artifact id: 'e8f9807ac7fd9d561aea320aea998e52') in 0.009434 seconds 
========================================================================
Received Import Request.
  Time since last request: 0.000098 seconds.
  path: Assets/Texture/阴阳师御魂图标/心眼.png
  artifactKey: Guid(cb3f26ec3b4dd774a954dcea4c556c79) Importer(815301076,1909f56bfc062723c751e8b465ee728b)
Start importing Assets/Texture/阴阳师御魂图标/心眼.png using Guid(cb3f26ec3b4dd774a954dcea4c556c79) Importer(815301076,1909f56bfc062723c751e8b465ee728b)  -> (artifact id: '30791b143856fc49b35ce172c4665187') in 0.011401 seconds 
========================================================================
Received Import Request.
  Time since last request: 0.000093 seconds.
  path: Assets/Texture/阴阳师御魂图标/恶楼.jpg
  artifactKey: Guid(bbc8e0656d5152a45838890f387abd5f) Importer(815301076,1909f56bfc062723c751e8b465ee728b)
Start importing Assets/Texture/阴阳师御魂图标/恶楼.jpg using Guid(bbc8e0656d5152a45838890f387abd5f) Importer(815301076,1909f56bfc062723c751e8b465ee728b)  -> (artifact id: '59a523f178187838ce84a1e7dd01a065') in 0.014887 seconds 
========================================================================
Received Import Request.
  Time since last request: 0.000155 seconds.
  path: Assets/Texture/阴阳师御魂图标/涂佛.png
  artifactKey: Guid(5cb8b9ff8d96e634a8afcd776ef488a4) Importer(815301076,1909f56bfc062723c751e8b465ee728b)
Start importing Assets/Texture/阴阳师御魂图标/涂佛.png using Guid(5cb8b9ff8d96e634a8afcd776ef488a4) Importer(815301076,1909f56bfc062723c751e8b465ee728b)  -> (artifact id: '96ba9cdcf51967b64ab021ce9aadf7ce') in 0.028204 seconds 
========================================================================
Received Import Request.
  Time since last request: 0.000116 seconds.
  path: Assets/Texture/阴阳师御魂图标/海月火玉.jpg
  artifactKey: Guid(824be18f17cbd57489e1a4d0b9462e30) Importer(815301076,1909f56bfc062723c751e8b465ee728b)
Start importing Assets/Texture/阴阳师御魂图标/海月火玉.jpg using Guid(824be18f17cbd57489e1a4d0b9462e30) Importer(815301076,1909f56bfc062723c751e8b465ee728b)  -> (artifact id: 'd9c1c98e95e6aaecfd997b516b87d83d') in 0.014768 seconds 
========================================================================
Received Import Request.
  Time since last request: 0.000120 seconds.
  path: Assets/Texture/阴阳师御魂图标/珍珠.png
  artifactKey: Guid(eb72b479fbd5e254f8d91775615f6bc4) Importer(815301076,1909f56bfc062723c751e8b465ee728b)
Start importing Assets/Texture/阴阳师御魂图标/珍珠.png using Guid(eb72b479fbd5e254f8d91775615f6bc4) Importer(815301076,1909f56bfc062723c751e8b465ee728b)  -> (artifact id: 'e29ff84a427efb16c72c0aca5171d932') in 0.010021 seconds 
========================================================================
Received Import Request.
  Time since last request: 0.276088 seconds.
  path: Assets/Texture/阴阳师御魂图标/胧车.png
  artifactKey: Guid(55eb4a3724d04b6478f69353d661e3f1) Importer(815301076,1909f56bfc062723c751e8b465ee728b)
Start importing Assets/Texture/阴阳师御魂图标/胧车.png using Guid(55eb4a3724d04b6478f69353d661e3f1) Importer(815301076,1909f56bfc062723c751e8b465ee728b)  -> (artifact id: '9ae92c70b80dd1a02bd84c7730ffdc37') in 0.023945 seconds 
========================================================================
Received Import Request.
  Time since last request: 0.000105 seconds.
  path: Assets/Texture/阴阳师御魂图标/薙魂.png
  artifactKey: Guid(b0731347a34a98d4981902df8eadb9d1) Importer(815301076,1909f56bfc062723c751e8b465ee728b)
Start importing Assets/Texture/阴阳师御魂图标/薙魂.png using Guid(b0731347a34a98d4981902df8eadb9d1) Importer(815301076,1909f56bfc062723c751e8b465ee728b)  -> (artifact id: '2718422abfd5fc9ab87678a0272d424f') in 0.014919 seconds 
========================================================================
Received Import Request.
  Time since last request: 0.000101 seconds.
  path: Assets/Texture/阴阳师御魂图标/蜃气楼.png
  artifactKey: Guid(c53b7baa17dcee943afd26b64e85a96d) Importer(815301076,1909f56bfc062723c751e8b465ee728b)
Start importing Assets/Texture/阴阳师御魂图标/蜃气楼.png using Guid(c53b7baa17dcee943afd26b64e85a96d) Importer(815301076,1909f56bfc062723c751e8b465ee728b)  -> (artifact id: 'a71aa5ccb786d5be683808895d73f551') in 0.013232 seconds 
========================================================================
Received Import Request.
  Time since last request: 0.000099 seconds.
  path: Assets/Texture/阴阳师御魂图标/蝠翼.png
  artifactKey: Guid(cf0ba712b5ef8d84393e322278b9f57a) Importer(815301076,1909f56bfc062723c751e8b465ee728b)
Start importing Assets/Texture/阴阳师御魂图标/蝠翼.png using Guid(cf0ba712b5ef8d84393e322278b9f57a) Importer(815301076,1909f56bfc062723c751e8b465ee728b)  -> (artifact id: 'a7151a749bb6a6e9132df39e36a8ad1a') in 0.013123 seconds 
========================================================================
Received Import Request.
  Time since last request: 0.000107 seconds.
  path: Assets/Texture/阴阳师御魂图标/蚌精.png
  artifactKey: Guid(2b254833046dbad4f890d9bba8405dfd) Importer(815301076,1909f56bfc062723c751e8b465ee728b)
Start importing Assets/Texture/阴阳师御魂图标/蚌精.png using Guid(2b254833046dbad4f890d9bba8405dfd) Importer(815301076,1909f56bfc062723c751e8b465ee728b)  -> (artifact id: '7f1b3a0d76ef7e6d5351bc4b69961d5f') in 0.014659 seconds 
========================================================================
Received Import Request.
  Time since last request: 0.000104 seconds.
  path: Assets/Texture/阴阳师御魂图标/荒骷髅.png
  artifactKey: Guid(3bdd762fb70b53841b39a6af40a51d62) Importer(815301076,1909f56bfc062723c751e8b465ee728b)
Start importing Assets/Texture/阴阳师御魂图标/荒骷髅.png using Guid(3bdd762fb70b53841b39a6af40a51d62) Importer(815301076,1909f56bfc062723c751e8b465ee728b)  -> (artifact id: '29ba9f39e9b7c06f9bc5c4aac7f84750') in 0.010994 seconds 
========================================================================
Received Import Request.
  Time since last request: 0.000098 seconds.
  path: Assets/Texture/阴阳师御魂图标/被服.png
  artifactKey: Guid(022addacb3f5bea44b0ce33ed606ef09) Importer(815301076,1909f56bfc062723c751e8b465ee728b)
Start importing Assets/Texture/阴阳师御魂图标/被服.png using Guid(022addacb3f5bea44b0ce33ed606ef09) Importer(815301076,1909f56bfc062723c751e8b465ee728b)  -> (artifact id: '801ee53b35705098e5d9a9db25cb1865') in 0.015213 seconds 
========================================================================
Received Import Request.
  Time since last request: 0.000116 seconds.
  path: Assets/Texture/阴阳师御魂图标/贝吹坊.jpg
  artifactKey: Guid(6ea1a809a501bc047afaf5a17f63c27e) Importer(815301076,1909f56bfc062723c751e8b465ee728b)
Start importing Assets/Texture/阴阳师御魂图标/贝吹坊.jpg using Guid(6ea1a809a501bc047afaf5a17f63c27e) Importer(815301076,1909f56bfc062723c751e8b465ee728b)  -> (artifact id: '74b727efba9a8e4ffec4c5e79f5fa051') in 0.019881 seconds 
========================================================================
Received Import Request.
  Time since last request: 0.000129 seconds.
  path: Assets/Texture/阴阳师御魂图标/返魂香.png
  artifactKey: Guid(8df51f0d90eff5d4fa5e1c47dc236886) Importer(815301076,1909f56bfc062723c751e8b465ee728b)
Start importing Assets/Texture/阴阳师御魂图标/返魂香.png using Guid(8df51f0d90eff5d4fa5e1c47dc236886) Importer(815301076,1909f56bfc062723c751e8b465ee728b)  -> (artifact id: '31b2113aa0dc8fa0d957e76c1bfd2c7f') in 0.013282 seconds 
========================================================================
Received Import Request.
  Time since last request: 0.000108 seconds.
  path: Assets/Texture/阴阳师御魂图标/轮入道.png
  artifactKey: Guid(73db0ab828088a749b2fa4af712221a0) Importer(815301076,1909f56bfc062723c751e8b465ee728b)
Start importing Assets/Texture/阴阳师御魂图标/轮入道.png using Guid(73db0ab828088a749b2fa4af712221a0) Importer(815301076,1909f56bfc062723c751e8b465ee728b)  -> (artifact id: 'bb118d6d4e9b4ff9e7a9a88b667b9df7') in 0.012710 seconds 
========================================================================
Received Import Request.
  Time since last request: 0.000178 seconds.
  path: Assets/Texture/阴阳师御魂图标/针女.png
  artifactKey: Guid(9277cb65fc59040499bc88ae2ccf1923) Importer(815301076,1909f56bfc062723c751e8b465ee728b)
Start importing Assets/Texture/阴阳师御魂图标/针女.png using Guid(9277cb65fc59040499bc88ae2ccf1923) Importer(815301076,1909f56bfc062723c751e8b465ee728b)  -> (artifact id: '664d6384af4e028441132d89d2c95985') in 0.009377 seconds 
========================================================================
Received Import Request.
  Time since last request: 0.000107 seconds.
  path: Assets/Texture/阴阳师御魂图标/遗念火.jpg
  artifactKey: Guid(87ca5f607b66c234685eb4335563a659) Importer(815301076,1909f56bfc062723c751e8b465ee728b)
Start importing Assets/Texture/阴阳师御魂图标/遗念火.jpg using Guid(87ca5f607b66c234685eb4335563a659) Importer(815301076,1909f56bfc062723c751e8b465ee728b)  -> (artifact id: '5c753e7d4e3ef38ccbff8e2e099f871e') in 0.010536 seconds 
========================================================================
Received Import Request.
  Time since last request: 0.237607 seconds.
  path: Assets/Texture/阴阳师御魂图标/钟灵.png
  artifactKey: Guid(b32ce84723440024bae73ab11af45bf7) Importer(815301076,1909f56bfc062723c751e8b465ee728b)
Start importing Assets/Texture/阴阳师御魂图标/钟灵.png using Guid(b32ce84723440024bae73ab11af45bf7) Importer(815301076,1909f56bfc062723c751e8b465ee728b)  -> (artifact id: '3064c24cc3a07e97026883ebd566bb3b') in 0.019712 seconds 
========================================================================
Received Import Request.
  Time since last request: 0.000108 seconds.
  path: Assets/Texture/阴阳师御魂图标/阴摩罗.png
  artifactKey: Guid(1fc13641ddd4b6d439db44248bd8e34b) Importer(815301076,1909f56bfc062723c751e8b465ee728b)
Start importing Assets/Texture/阴阳师御魂图标/阴摩罗.png using Guid(1fc13641ddd4b6d439db44248bd8e34b) Importer(815301076,1909f56bfc062723c751e8b465ee728b)  -> (artifact id: 'd2f0e5479f77a4f3c091c964fafbebeb') in 0.009206 seconds 
========================================================================
Received Import Request.
  Time since last request: 0.000099 seconds.
  path: Assets/Texture/阴阳师御魂图标/镇墓兽.png
  artifactKey: Guid(7465fc8769e294641a586715d06bbdc9) Importer(815301076,1909f56bfc062723c751e8b465ee728b)
Start importing Assets/Texture/阴阳师御魂图标/镇墓兽.png using Guid(7465fc8769e294641a586715d06bbdc9) Importer(815301076,1909f56bfc062723c751e8b465ee728b)  -> (artifact id: '4087ad50891a04403f203725a52f3743') in 0.010706 seconds 
========================================================================
Received Import Request.
  Time since last request: 0.000107 seconds.
  path: Assets/Texture/阴阳师御魂图标/雪幽魂.png
  artifactKey: Guid(78861515f22108345bffe1550afd6313) Importer(815301076,1909f56bfc062723c751e8b465ee728b)
Start importing Assets/Texture/阴阳师御魂图标/雪幽魂.png using Guid(78861515f22108345bffe1550afd6313) Importer(815301076,1909f56bfc062723c751e8b465ee728b)  -> (artifact id: 'be83c4dfd5eac143cea02d90dcd6a5cd') in 0.010148 seconds 
========================================================================
Received Import Request.
  Time since last request: 0.000095 seconds.
  path: Assets/Texture/阴阳师御魂图标/镜姬.png
  artifactKey: Guid(aa1cab0d19cb8f74f9534582fb72ddf7) Importer(815301076,1909f56bfc062723c751e8b465ee728b)
Start importing Assets/Texture/阴阳师御魂图标/镜姬.png using Guid(aa1cab0d19cb8f74f9534582fb72ddf7) Importer(815301076,1909f56bfc062723c751e8b465ee728b)  -> (artifact id: '2ebca68a906ab099c4aec72d1b2d887b') in 0.011827 seconds 
========================================================================
Received Import Request.
  Time since last request: 0.000093 seconds.
  path: Assets/Texture/阴阳师御魂图标/魍魉之匣.png
  artifactKey: Guid(8d8f36e712d5eb0468aa56ba59f18fc7) Importer(815301076,1909f56bfc062723c751e8b465ee728b)
Start importing Assets/Texture/阴阳师御魂图标/魍魉之匣.png using Guid(8d8f36e712d5eb0468aa56ba59f18fc7) Importer(815301076,1909f56bfc062723c751e8b465ee728b)  -> (artifact id: '2d3260b70ab5268dab06a2538bebf676') in 0.010834 seconds 
========================================================================
Received Import Request.
  Time since last request: 0.000098 seconds.
  path: Assets/Texture/阴阳师御魂图标/魅妖.png
  artifactKey: Guid(17203217407fdee41b3d7842528d83a8) Importer(815301076,1909f56bfc062723c751e8b465ee728b)
Start importing Assets/Texture/阴阳师御魂图标/魅妖.png using Guid(17203217407fdee41b3d7842528d83a8) Importer(815301076,1909f56bfc062723c751e8b465ee728b)  -> (artifact id: '3209d82d4def47b55c305cf600d57593') in 0.011251 seconds 
========================================================================
Received Import Request.
  Time since last request: 0.000098 seconds.
  path: Assets/Texture/阴阳师御魂图标/骰子鬼.png
  artifactKey: Guid(c0a37df5f370d6d439ee8c7cc3a6d561) Importer(815301076,1909f56bfc062723c751e8b465ee728b)
Start importing Assets/Texture/阴阳师御魂图标/骰子鬼.png using Guid(c0a37df5f370d6d439ee8c7cc3a6d561) Importer(815301076,1909f56bfc062723c751e8b465ee728b)  -> (artifact id: 'e67884d6d2bd2342bff2cdf36fc884ce') in 0.011060 seconds 
========================================================================
Received Import Request.
  Time since last request: 0.000113 seconds.
  path: Assets/Texture/阴阳师御魂图标/鬼灵歌姬.png
  artifactKey: Guid(6f14a708477d2b7499916a95c3293749) Importer(815301076,1909f56bfc062723c751e8b465ee728b)
Start importing Assets/Texture/阴阳师御魂图标/鬼灵歌姬.png using Guid(6f14a708477d2b7499916a95c3293749) Importer(815301076,1909f56bfc062723c751e8b465ee728b)  -> (artifact id: 'b649ebe30e72f7e5fb438412786a23c0') in 0.011748 seconds 
========================================================================
Received Import Request.
  Time since last request: 0.000107 seconds.
  path: Assets/Texture/阴阳师御魂图标/鸣屋.png
  artifactKey: Guid(7ce9eb126e1f0664788e89c3c6d8647a) Importer(815301076,1909f56bfc062723c751e8b465ee728b)
Start importing Assets/Texture/阴阳师御魂图标/鸣屋.png using Guid(7ce9eb126e1f0664788e89c3c6d8647a) Importer(815301076,1909f56bfc062723c751e8b465ee728b)  -> (artifact id: '159dc70678083ca5acb7b7dc9e515586') in 0.009388 seconds 
========================================================================
Received Import Request.
  Time since last request: 0.000133 seconds.
  path: Assets/Texture/阴阳师御魂图标/青女房.png
  artifactKey: Guid(07d8e50b35c24b84ea5c42e26eeeda19) Importer(815301076,1909f56bfc062723c751e8b465ee728b)
Start importing Assets/Texture/阴阳师御魂图标/青女房.png using Guid(07d8e50b35c24b84ea5c42e26eeeda19) Importer(815301076,1909f56bfc062723c751e8b465ee728b)  -> (artifact id: '643b9c2046dab7a84661bdaf528a8f7a') in 0.012768 seconds 
========================================================================
Received Import Request.
  Time since last request: 0.000096 seconds.
  path: Assets/Texture/阴阳师御魂图标/飞缘魔.png
  artifactKey: Guid(fa38b8c4117688e498e2d3878569d1b1) Importer(815301076,1909f56bfc062723c751e8b465ee728b)
Start importing Assets/Texture/阴阳师御魂图标/飞缘魔.png using Guid(fa38b8c4117688e498e2d3878569d1b1) Importer(815301076,1909f56bfc062723c751e8b465ee728b)  -> (artifact id: '0df422e5a546ff6fb4320dbf6a69b9e0') in 0.009159 seconds 
========================================================================
Received Import Request.
  Time since last request: 632.471641 seconds.
  path: Assets/Texture/BfzKKRboygkwuCl.jpg
  artifactKey: Guid(0b0521ca948d2944c8430debb335908b) Importer(815301076,1909f56bfc062723c751e8b465ee728b)
Start importing Assets/Texture/BfzKKRboygkwuCl.jpg using Guid(0b0521ca948d2944c8430debb335908b) Importer(815301076,1909f56bfc062723c751e8b465ee728b)  -> (artifact id: 'c2ca507996f6714fc6b0f74ec4609378') in 0.018697 seconds 
AssetImportWorkerClient::OnTransportError - code=2 error=End of file
